[22:33:16] [ServerMain/INFO]: [bootstrap] Running Java 21 (OpenJDK 64-Bit Server VM 21.0.7+6-Ubuntu-0ubuntu120.04; Ubuntu null) on Linux 6.8.0-1027-azure (amd64)
[22:33:16] [ServerMain/INFO]: [bootstrap] Loading Paper 1.21.4-231-ver/1.21.4@09e9afd (2025-05-19T17:59:36Z) for Minecraft 1.21.4
[22:33:17] [ServerMain/INFO]: [PluginInitializerManager] Initializing plugins...
[22:33:19] [ServerMain/INFO]: [PluginInitializerManager] Initialized 1 plugin
[22:33:19] [ServerMain/INFO]: [PluginInitializerManager] Bukkit plugins (1):
 - TAB (5.2.1)
[22:33:30] [ServerMain/INFO]: Environment: Environment[sessionHost=https://sessionserver.mojang.com, servicesHost=https://api.minecraftservices.com, name=PROD]
[22:33:30] [ServerMain/INFO]: Found new data pack file/bukkit, loading it automatically
[22:33:30] [ServerMain/INFO]: Found new data pack paper, loading it automatically
[22:33:33] [ServerMain/INFO]: No existing world data, creating new world
[22:33:35] [ServerMain/INFO]: Loaded 1370 recipes
[22:33:35] [ServerMain/INFO]: Loaded 1481 advancements
[22:33:35] [ServerMain/INFO]: [MCTypeRegistry] Initialising converters for DataConverter...
[22:33:36] [ServerMain/INFO]: [MCTypeRegistry] Finished initialising converters for DataConverter in 690.3ms
[22:33:36] [Server thread/INFO]: Starting minecraft server version 1.21.4
[22:33:36] [Server thread/INFO]: Loading properties
[22:33:36] [Server thread/INFO]: This server is running Paper version 1.21.4-231-ver/1.21.4@09e9afd (2025-05-19T17:59:36Z) (Implementing API version 1.21.4-R0.1-SNAPSHOT)
[22:33:37] [Server thread/INFO]: [spark] This server bundles the spark profiler. For more information please visit https://docs.papermc.io/paper/profiling
[22:33:37] [Server thread/INFO]: Server Ping Player Sample Count: 12
[22:33:37] [Server thread/INFO]: Using 4 threads for Netty based IO
[22:33:40] [Server thread/INFO]: [MoonriseCommon] Paper is using 1 worker threads, 1 I/O threads
[22:33:40] [Server thread/INFO]: [ChunkTaskScheduler] Chunk system is using population gen parallelism: true
[22:33:40] [Server thread/INFO]: Default game type: SURVIVAL
[22:33:40] [Server thread/INFO]: Generating keypair
[22:33:40] [Server thread/INFO]: Starting Minecraft server on *:25565
[22:33:40] [Server thread/INFO]: Using epoll channel type
[22:33:40] [Server thread/INFO]: Paper: Using libdeflate (Linux x86_64) compression from Velocity.
[22:33:40] [Server thread/INFO]: Paper: Using OpenSSL 1.1.x (Linux x86_64) cipher from Velocity.
[22:33:41] [Server thread/INFO]: [TAB] Loading server plugin TAB v5.2.1
[22:33:41] [Server thread/INFO]: Server permissions file permissions.yml is empty, ignoring it
[22:33:41] [Server thread/WARN]: **** SERVER IS RUNNING IN OFFLINE/INSECURE MODE!
[22:33:41] [Server thread/WARN]: The server will make no attempt to authenticate usernames. Beware.
[22:33:41] [Server thread/WARN]: While this makes the game possible to play without internet access, it also opens up the ability for hackers to connect with any username they choose.
[22:33:41] [Server thread/WARN]: To change this, set "online-mode" to "true" in the server.properties file.
[22:33:41] [Server thread/INFO]: Preparing level "world"
[22:34:04] [Server thread/INFO]: Preparing start region for dimension minecraft:overworld
[22:34:04] [Server thread/INFO]: Preparing spawn area: 2%
[22:34:05] [Server thread/INFO]: Preparing spawn area: 2%
[22:34:06] [Server thread/INFO]: Preparing spawn area: 2%
[22:34:06] [Server thread/INFO]: Preparing spawn area: 2%
[22:34:06] [Server thread/INFO]: Preparing spawn area: 2%
[22:34:07] [Server thread/INFO]: Preparing spawn area: 2%
[22:34:07] [Server thread/INFO]: Preparing spawn area: 2%
[22:34:08] [Server thread/INFO]: Preparing spawn area: 2%
[22:34:08] [Server thread/INFO]: Preparing spawn area: 2%
[22:34:10] [Server thread/INFO]: Preparing spawn area: 12%
[22:34:10] [Server thread/INFO]: Preparing spawn area: 12%
[22:34:10] [Server thread/INFO]: Preparing spawn area: 12%
[22:34:10] [Server thread/INFO]: Preparing spawn area: 18%
[22:34:11] [Server thread/INFO]: Preparing spawn area: 18%
[22:34:11] [Server thread/INFO]: Preparing spawn area: 18%
[22:34:12] [Server thread/INFO]: Preparing spawn area: 18%
[22:34:12] [Server thread/INFO]: Preparing spawn area: 18%
[22:34:13] [Server thread/INFO]: Preparing spawn area: 18%
[22:34:14] [Server thread/INFO]: Preparing spawn area: 18%
[22:34:14] [Server thread/INFO]: Preparing spawn area: 18%
[22:34:14] [Server thread/INFO]: Preparing spawn area: 18%
[22:34:15] [Server thread/INFO]: Preparing spawn area: 30%
[22:34:15] [Server thread/INFO]: Preparing spawn area: 46%
[22:34:16] [Server thread/INFO]: Preparing spawn area: 51%
[22:34:16] [Server thread/INFO]: Preparing spawn area: 59%
[22:34:17] [Server thread/INFO]: Preparing spawn area: 59%
[22:34:17] [Server thread/INFO]: Preparing spawn area: 59%
[22:34:18] [Server thread/INFO]: Preparing spawn area: 59%
[22:34:18] [Server thread/INFO]: Preparing spawn area: 61%
[22:34:19] [Server thread/INFO]: Preparing spawn area: 69%
[22:34:19] [Server thread/INFO]: Time elapsed: 14711 ms
[22:34:19] [Server thread/INFO]: Preparing start region for dimension minecraft:the_nether
[22:34:19] [Server thread/INFO]: Preparing spawn area: 2%
[22:34:20] [Server thread/INFO]: Preparing spawn area: 2%
[22:34:20] [Server thread/INFO]: Preparing spawn area: 2%
[22:34:21] [Server thread/INFO]: Preparing spawn area: 2%
[22:34:21] [Server thread/INFO]: Preparing spawn area: 2%
[22:34:22] [Server thread/INFO]: Preparing spawn area: 18%
[22:34:22] [Server thread/INFO]: Preparing spawn area: 38%
[22:34:23] [Server thread/INFO]: Preparing spawn area: 51%
[22:34:23] [Server thread/INFO]: Time elapsed: 3957 ms
[22:34:23] [Server thread/INFO]: Preparing start region for dimension minecraft:the_end
[22:34:23] [Server thread/INFO]: Preparing spawn area: 2%
[22:34:24] [Server thread/INFO]: Preparing spawn area: 32%
[22:34:24] [Server thread/INFO]: Time elapsed: 785 ms
[22:34:24] [Server thread/INFO]: [TAB] Enabling TAB v5.2.1
[22:34:25] [Server thread/INFO]: [TAB] Enabled in 541ms
[22:34:25] [Server thread/INFO]: [spark] Starting background profiler...
[22:34:25] [Server thread/INFO]: Done preparing level "world" (44.408s)
[22:34:25] [Server thread/INFO]: Running delayed init tasks
[22:34:25] [Server thread/INFO]: Done (72.219s)! For help, type "help"
[22:34:28] [User Authenticator #0/INFO]: UUID of player Thecno662 is 51c6605e-fef0-332c-b142-018c70039a3e
[22:34:30] [Server thread/INFO]: Thecno662 joined the game
[22:34:30] [Server thread/INFO]: Thecno662[/127.243.145.241:42207] logged in with entity id 35 at ([world]8.5, 103.0, 1.5)
[22:34:30] [TAB Processing Thread/INFO]: [TAB] [WARN] Player Thecno662's group (none) is not in sorting list! Sorting list: owner,default. Player will be sorted on the bottom.
[22:38:11] [Server thread/INFO]: Thecno662 has made the advancement [Stone Age]
[22:39:41] [Server thread/INFO]: Thecno662 has made the advancement [Getting an Upgrade]
[22:46:28] [Server thread/INFO]: Thecno662 has made the advancement [Acquire Hardware]
[22:46:46] [Server thread/INFO]: Thecno662 has made the advancement [Monster Hunter]
[22:48:44] [Server thread/INFO]: Thecno662 has made the advancement [Sweet Dreams]
[22:48:49] [Async Chat Thread - #1/INFO]: [Not Secure] <Thecno662> Muevete mierda
